{"/Users/mrceo63/Desktop/DevWrk/phrasee-test-1/src/controllers/notification.ts": {"path":"/Users/mrceo63/Desktop/DevWrk/phrasee-test-1/src/controllers/notification.ts","statementMap":{"0":{"start":{"line":2,"column":0},"end":{"line":2,"column":48}},"1":{"start":{"line":3,"column":0},"end":{"line":3,"column":61}},"2":{"start":{"line":7,"column":22},"end":{"line":7,"column":50}},"3":{"start":{"line":6,"column":12},"end":{"line":6,"column":34}},"4":{"start":{"line":8,"column":4},"end":{"line":8,"column":77}},"5":{"start":{"line":9,"column":4},"end":{"line":9,"column":59}},"6":{"start":{"line":10,"column":4},"end":{"line":10,"column":73}},"7":{"start":{"line":14,"column":26},"end":{"line":15,"column":null}},"8":{"start":{"line":17,"column":4},"end":{"line":17,"column":68}},"9":{"start":{"line":21,"column":25},"end":{"line":21,"column":60}},"10":{"start":{"line":22,"column":4},"end":{"line":24,"column":74}},"11":{"start":{"line":28,"column":26},"end":{"line":28,"column":70}},"12":{"start":{"line":29,"column":4},"end":{"line":29,"column":51}},"13":{"start":{"line":33,"column":0},"end":{"line":35,"column":2}}},"fnMap":{"0":{"name":"(anonymous_0)","decl":{"start":{"line":7,"column":2},"end":{"line":7,"column":22}},"loc":{"start":{"line":7,"column":50},"end":{"line":11,"column":3}}},"1":{"name":"(anonymous_1)","decl":{"start":{"line":13,"column":2},"end":{"line":13,"column":7}},"loc":{"start":{"line":13,"column":60},"end":{"line":18,"column":3}}},"2":{"name":"(anonymous_2)","decl":{"start":{"line":20,"column":2},"end":{"line":20,"column":7}},"loc":{"start":{"line":20,"column":51},"end":{"line":25,"column":3}}},"3":{"name":"(anonymous_3)","decl":{"start":{"line":27,"column":2},"end":{"line":27,"column":7}},"loc":{"start":{"line":27,"column":58},"end":{"line":30,"column":3}}}},"branchMap":{},"s":{"0":2,"1":2,"2":2,"3":2,"4":2,"5":2,"6":2,"7":1,"8":1,"9":1,"10":1,"11":1,"12":1,"13":2},"f":{"0":2,"1":1,"2":1,"3":1},"b":{}}
,"/Users/mrceo63/Desktop/DevWrk/phrasee-test-1/src/data/notifications.ts": {"path":"/Users/mrceo63/Desktop/DevWrk/phrasee-test-1/src/data/notifications.ts","statementMap":{"0":{"start":{"line":3,"column":39},"end":{"line":238,"column":2}},"1":{"start":{"line":240,"column":0},"end":{"line":240,"column":29}}},"fnMap":{},"branchMap":{},"s":{"0":2,"1":2},"f":{},"b":{}}
,"/Users/mrceo63/Desktop/DevWrk/phrasee-test-1/src/models/index.ts": {"path":"/Users/mrceo63/Desktop/DevWrk/phrasee-test-1/src/models/index.ts","statementMap":{"0":{"start":{"line":1,"column":0},"end":{"line":1,"column":42}},"1":{"start":{"line":3,"column":13},"end":{"line":3,"column":null}}},"fnMap":{},"branchMap":{},"s":{"0":2,"1":2},"f":{},"b":{}}
,"/Users/mrceo63/Desktop/DevWrk/phrasee-test-1/src/models/notification.ts": {"path":"/Users/mrceo63/Desktop/DevWrk/phrasee-test-1/src/models/notification.ts","statementMap":{"0":{"start":{"line":1,"column":0},"end":{"line":1,"column":41}},"1":{"start":{"line":4,"column":38},"end":{"line":4,"column":42}},"2":{"start":{"line":6,"column":0},"end":{"line":6,"column":28}}},"fnMap":{},"branchMap":{},"s":{"0":2,"1":2,"2":2},"f":{},"b":{}}
,"/Users/mrceo63/Desktop/DevWrk/phrasee-test-1/src/routers/endpoints.ts": {"path":"/Users/mrceo63/Desktop/DevWrk/phrasee-test-1/src/routers/endpoints.ts","statementMap":{"0":{"start":{"line":2,"column":0},"end":{"line":2,"column":65}},"1":{"start":{"line":4,"column":36},"end":{"line":26,"column":2}},"2":{"start":{"line":28,"column":0},"end":{"line":28,"column":25}}},"fnMap":{},"branchMap":{},"s":{"0":2,"1":2,"2":2},"f":{},"b":{}}
,"/Users/mrceo63/Desktop/DevWrk/phrasee-test-1/src/routers/index.ts": {"path":"/Users/mrceo63/Desktop/DevWrk/phrasee-test-1/src/routers/index.ts","statementMap":{"0":{"start":{"line":3,"column":0},"end":{"line":3,"column":36}},"1":{"start":{"line":5,"column":16},"end":{"line":17,"column":1}},"2":{"start":{"line":6,"column":2},"end":{"line":14,"column":5}},"3":{"start":{"line":7,"column":4},"end":{"line":9,"column":7}},"4":{"start":{"line":8,"column":6},"end":{"line":8,"column":76}},"5":{"start":{"line":11,"column":4},"end":{"line":13,"column":6}},"6":{"start":{"line":12,"column":6},"end":{"line":12,"column":73}},"7":{"start":{"line":16,"column":2},"end":{"line":16,"column":16}},"8":{"start":{"line":19,"column":0},"end":{"line":19,"column":23}}},"fnMap":{"0":{"name":"(anonymous_0)","decl":{"start":{"line":5,"column":16},"end":{"line":5,"column":17}},"loc":{"start":{"line":5,"column":35},"end":{"line":17,"column":1}}},"1":{"name":"(anonymous_1)","decl":{"start":{"line":6,"column":20},"end":{"line":6,"column":21}},"loc":{"start":{"line":6,"column":44},"end":{"line":14,"column":3}}},"2":{"name":"(anonymous_2)","decl":{"start":{"line":7,"column":29},"end":{"line":7,"column":30}},"loc":{"start":{"line":7,"column":40},"end":{"line":9,"column":5}}},"3":{"name":"(anonymous_3)","decl":{"start":{"line":11,"column":37},"end":{"line":11,"column":38}},"loc":{"start":{"line":12,"column":6},"end":{"line":12,"column":73}}}},"branchMap":{},"s":{"0":2,"1":2,"2":2,"3":6,"4":6,"5":6,"6":0,"7":2,"8":2},"f":{"0":2,"1":6,"2":6,"3":0},"b":{}}
,"/Users/mrceo63/Desktop/DevWrk/phrasee-test-1/src/services/notification.ts": {"path":"/Users/mrceo63/Desktop/DevWrk/phrasee-test-1/src/services/notification.ts","statementMap":{"0":{"start":{"line":4,"column":22},"end":{"line":4,"column":44}},"1":{"start":{"line":5,"column":4},"end":{"line":5,"column":23}},"2":{"start":{"line":6,"column":4},"end":{"line":6,"column":41}},"3":{"start":{"line":7,"column":4},"end":{"line":7,"column":75}},"4":{"start":{"line":8,"column":4},"end":{"line":8,"column":75}},"5":{"start":{"line":12,"column":4},"end":{"line":12,"column":45}},"6":{"start":{"line":16,"column":4},"end":{"line":21,"column":null}},"7":{"start":{"line":17,"column":6},"end":{"line":17,"column":33}},"8":{"start":{"line":18,"column":6},"end":{"line":18,"column":17}},"9":{"start":{"line":20,"column":6},"end":{"line":20,"column":35}},"10":{"start":{"line":25,"column":4},"end":{"line":29,"column":null}},"11":{"start":{"line":26,"column":6},"end":{"line":26,"column":61}},"12":{"start":{"line":26,"column":38},"end":{"line":26,"column":60}},"13":{"start":{"line":28,"column":6},"end":{"line":28,"column":35}},"14":{"start":{"line":33,"column":4},"end":{"line":38,"column":null}},"15":{"start":{"line":34,"column":6},"end":{"line":34,"column":49}},"16":{"start":{"line":34,"column":33},"end":{"line":34,"column":46}},"17":{"start":{"line":35,"column":6},"end":{"line":35,"column":24}},"18":{"start":{"line":37,"column":6},"end":{"line":37,"column":35}},"19":{"start":{"line":3,"column":0},"end":{"line":3,"column":21}}},"fnMap":{"0":{"name":"(anonymous_0)","decl":{"start":{"line":4,"column":2},"end":{"line":4,"column":22}},"loc":{"start":{"line":4,"column":44},"end":{"line":9,"column":3}}},"1":{"name":"(anonymous_1)","decl":{"start":{"line":11,"column":2},"end":{"line":11,"column":8}},"loc":{"start":{"line":11,"column":23},"end":{"line":13,"column":3}}},"2":{"name":"(anonymous_2)","decl":{"start":{"line":15,"column":2},"end":{"line":15,"column":7}},"loc":{"start":{"line":15,"column":33},"end":{"line":22,"column":3}}},"3":{"name":"(anonymous_3)","decl":{"start":{"line":24,"column":2},"end":{"line":24,"column":7}},"loc":{"start":{"line":24,"column":46},"end":{"line":30,"column":3}}},"4":{"name":"(anonymous_4)","decl":{"start":{"line":26,"column":31},"end":{"line":26,"column":32}},"loc":{"start":{"line":26,"column":37},"end":{"line":26,"column":60}}},"5":{"name":"(anonymous_5)","decl":{"start":{"line":32,"column":2},"end":{"line":32,"column":7}},"loc":{"start":{"line":32,"column":31},"end":{"line":39,"column":3}}},"6":{"name":"(anonymous_6)","decl":{"start":{"line":34,"column":25},"end":{"line":34,"column":26}},"loc":{"start":{"line":34,"column":33},"end":{"line":34,"column":46}}}},"branchMap":{"0":{"loc":{"start":{"line":26,"column":38},"end":{"line":26,"column":48}},"type":"cond-expr","locations":[{"start":{"line":26,"column":44},"end":{"line":26,"column":46}},{"start":{"line":26,"column":44},"end":{"line":26,"column":48}}]},"1":{"loc":{"start":{"line":26,"column":38},"end":{"line":26,"column":46}},"type":"binary-expr","locations":[{"start":{"line":26,"column":38},"end":{"line":26,"column":46}},{"start":{"line":26,"column":44},"end":{"line":26,"column":46}}]}},"s":{"0":4,"1":4,"2":4,"3":4,"4":4,"5":0,"6":2,"7":2,"8":2,"9":0,"10":2,"11":2,"12":34,"13":0,"14":2,"15":2,"16":36,"17":2,"18":0,"19":2},"f":{"0":4,"1":0,"2":2,"3":2,"4":34,"5":2,"6":36},"b":{"0":[0,34],"1":[34,34]}}
,"/Users/mrceo63/Desktop/DevWrk/phrasee-test-1/src/test/init.ts": {"path":"/Users/mrceo63/Desktop/DevWrk/phrasee-test-1/src/test/init.ts","statementMap":{"0":{"start":{"line":1,"column":0},"end":{"line":1,"column":55}},"1":{"start":{"line":2,"column":0},"end":{"line":2,"column":59}},"2":{"start":{"line":4,"column":0},"end":{"line":4,"column":37}},"3":{"start":{"line":6,"column":28},"end":{"line":6,"column":70}},"4":{"start":{"line":8,"column":0},"end":{"line":11,"column":2}}},"fnMap":{},"branchMap":{},"s":{"0":2,"1":2,"2":2,"3":2,"4":2},"f":{},"b":{}}
}
