TN:
SF:src/controllers/notification.ts
FN:7,(anonymous_0)
FN:13,(anonymous_1)
FN:20,(anonymous_2)
FN:27,(anonymous_3)
FNF:4
FNH:4
FNDA:2,(anonymous_0)
FNDA:1,(anonymous_1)
FNDA:1,(anonymous_2)
FNDA:1,(anonymous_3)
DA:2,2
DA:3,2
DA:6,2
DA:7,2
DA:8,2
DA:9,2
DA:10,2
DA:14,1
DA:17,1
DA:21,1
DA:22,1
DA:28,1
DA:29,1
DA:33,2
LF:14
LH:14
BRF:0
BRH:0
end_of_record
TN:
SF:src/data/notifications.ts
FNF:0
FNH:0
DA:3,2
DA:240,2
LF:2
LH:2
BRF:0
BRH:0
end_of_record
TN:
SF:src/models/index.ts
FNF:0
FNH:0
DA:1,2
DA:3,2
LF:2
LH:2
BRF:0
BRH:0
end_of_record
TN:
SF:src/models/notification.ts
FNF:0
FNH:0
DA:1,2
DA:4,2
DA:6,2
LF:3
LH:3
BRF:0
BRH:0
end_of_record
TN:
SF:src/routers/endpoints.ts
FNF:0
FNH:0
DA:2,2
DA:4,2
DA:28,2
LF:3
LH:3
BRF:0
BRH:0
end_of_record
TN:
SF:src/routers/index.ts
FN:5,(anonymous_0)
FN:6,(anonymous_1)
FN:7,(anonymous_2)
FN:11,(anonymous_3)
FNF:4
FNH:3
FNDA:2,(anonymous_0)
FNDA:6,(anonymous_1)
FNDA:6,(anonymous_2)
FNDA:0,(anonymous_3)
DA:3,2
DA:5,2
DA:6,2
DA:7,6
DA:8,6
DA:11,6
DA:12,0
DA:16,2
DA:19,2
LF:9
LH:8
BRF:0
BRH:0
end_of_record
TN:
SF:src/services/notification.ts
FN:4,(anonymous_0)
FN:11,(anonymous_1)
FN:15,(anonymous_2)
FN:24,(anonymous_3)
FN:26,(anonymous_4)
FN:32,(anonymous_5)
FN:34,(anonymous_6)
FNF:7
FNH:6
FNDA:4,(anonymous_0)
FNDA:0,(anonymous_1)
FNDA:2,(anonymous_2)
FNDA:2,(anonymous_3)
FNDA:34,(anonymous_4)
FNDA:2,(anonymous_5)
FNDA:36,(anonymous_6)
DA:3,2
DA:4,4
DA:5,4
DA:6,4
DA:7,4
DA:8,4
DA:12,0
DA:16,2
DA:17,2
DA:18,2
DA:20,0
DA:25,2
DA:26,34
DA:28,0
DA:33,2
DA:34,36
DA:35,2
DA:37,0
LF:18
LH:14
BRDA:26,0,0,0
BRDA:26,0,1,34
BRDA:26,1,0,34
BRDA:26,1,1,34
BRF:4
BRH:3
end_of_record
TN:
SF:src/test/init.ts
FNF:0
FNH:0
DA:1,2
DA:2,2
DA:4,2
DA:6,2
DA:8,2
LF:5
LH:5
BRF:0
BRH:0
end_of_record
